<?xml version="1.0" encoding="UTF-8"?>
<!-- Generated by org.testng.reporters.JUnitReportReporter -->
<testsuite hostname="LAPTOP-KTO18VOH" failures="0" tests="1" name="DynamicJson" time="2.189" errors="0" timestamp="2022-01-08T12:11:56 IST" skipped="0">
  <testcase classname="DynamicJson" name="addBook1" time="2.189"/>
  <system-out/>
</testsuite> <!-- DynamicJson -->
