<?xml version="1.0" encoding="UTF-8"?>
<!-- Generated by org.testng.reporters.JUnitReportReporter -->
<testsuite hostname="LAPTOP-KTO18VOH" failures="0" tests="3" name="DynamicJson" time="3.147" errors="0" timestamp="2022-01-02T15:34:23 IST" skipped="0">
  <testcase classname="DynamicJson" name="addBook" time="2.161"/>
  <system-out/>
  <testcase classname="DynamicJson" name="addBook" time="0.465"/>
  <system-out/>
  <testcase classname="DynamicJson" name="addBook" time="0.521"/>
  <system-out/>
</testsuite> <!-- DynamicJson -->
